Build started 07.03.2013 22:22:06.
     1>Project "D:\PROJECTS\Voyager\GameGlut.vcxproj" on node 2 (build target(s)).
     1>InitializeBuildStatus:
         Touching ".\Debug\GameGlut.unsuccessfulbuild".
       ClCompile:
         C:\Program Files\Microsoft Visual Studio 10.0\VC\bin\CL.exe /c /ZI /nologo /W3 /WX- /Od /Oy- /D WIN32 /D _DEBUG /D _CONSOLE /D _VC80_UPGRADE=0x0600 /D _MBCS /Gm /EHsc /RTC1 /MTd /GS /Gy- /fp:precise /Zc:wchar_t /Zc:forScope /Fo".\Debug\\" /Fd".\Debug\vc100.pdb" /Gd /TP /analyze- /errorReport:prompt Voyager.cpp
         Voyager.cpp
       ManifestResourceCompile:
         All outputs are up-to-date.
       Link:
         C:\Program Files\Microsoft Visual Studio 10.0\VC\bin\link.exe /ERRORREPORT:PROMPT /OUT:".\Debug\GameGlut.exe" /INCREMENTAL /NOLOGO odbc32.lib odbccp32.lib glut32.lib kernel32.lib user32.lib gdi32.lib winspool.lib comdlg32.lib advapi32.lib shell32.lib ole32.lib oleaut32.lib uuid.lib odbc32.lib odbccp32.lib /MANIFEST /ManifestFile:".\Debug\GameGlut.exe.intermediate.manifest" /MANIFESTUAC:"level='asInvoker' uiAccess='false'" /DEBUG /PDB:"D:\PROJECTS\Voyager\Debug\GameGlut.pdb" /SUBSYSTEM:CONSOLE /TLBID:1 /DYNAMICBASE /NXCOMPAT /IMPLIB:".\Debug\GameGlut.lib" /MACHINE:X86 .\Debug\GameGlut.exe.embed.manifest.res
         .\Debug\Voyager.obj
       Manifest:
         C:\Program Files\Microsoft SDKs\Windows\v7.0A\bin\mt.exe /nologo /verbose /out:".\Debug\GameGlut.exe.embed.manifest" /manifest .\Debug\GameGlut.exe.intermediate.manifest
         All outputs are up-to-date.
       LinkEmbedManifest:
         All outputs are up-to-date.
         GameGlut.vcxproj -> D:\PROJECTS\Voyager\.\Debug\GameGlut.exe
       FinalizeBuildStatus:
         Deleting file ".\Debug\GameGlut.unsuccessfulbuild".
         Touching ".\Debug\GameGlut.lastbuildstate".
     1>Done Building Project "D:\PROJECTS\Voyager\GameGlut.vcxproj" (build target(s)).

Build succeeded.

Time Elapsed 00:00:02.04
